Flow report for updown_count
Mon Jan 08 10:44:25 2018
Quartus II Version 9.0 Build 132 02/25/2009 SJ Web Edition


---------------------
; Table of Contents ;
---------------------
  1. Legal Notice
  2. Flow Summary
  3. Flow Settings
  4. Flow Non-Default Global Settings
  5. Flow Elapsed Time
  6. Flow OS Summary
  7. Flow Log



----------------
; Legal Notice ;
----------------
Copyright (C) 1991-2009 Altera Corporation
Your use of Altera Corporation's design tools, logic functions 
and other software and tools, and its AMPP partner logic 
functions, and any output files from any of the foregoing 
(including device programming or simulation files), and any 
associated documentation or information are expressly subject 
to the terms and conditions of the Altera Program License 
Subscription Agreement, Altera MegaCore Function License 
Agreement, or other applicable license agreement, including, 
without limitation, that your use is for the sole purpose of 
programming logic devices manufactured by Altera and sold by 
Altera or its authorized distributors.  Please refer to the 
applicable agreement for further details.



+------------------------------------------------------------------------------+
; Flow Summary                                                                 ;
+------------------------------------+-----------------------------------------+
; Flow Status                        ; Successful - Mon Jan 08 10:44:20 2018   ;
; Quartus II Version                 ; 9.0 Build 132 02/25/2009 SJ Web Edition ;
; Revision Name                      ; updown_count                            ;
; Top-level Entity Name              ; updown_count                            ;
; Family                             ; Cyclone III                             ;
; Device                             ; EP3C5E144A7                             ;
; Timing Models                      ; Final                                   ;
; Met timing requirements            ; N/A                                     ;
; Total logic elements               ; 8 / 5,136 ( < 1 % )                     ;
;     Total combinational functions  ; 8 / 5,136 ( < 1 % )                     ;
;     Dedicated logic registers      ; 8 / 5,136 ( < 1 % )                     ;
; Total registers                    ; 8                                       ;
; Total pins                         ; 20 / 95 ( 21 % )                        ;
; Total virtual pins                 ; 0                                       ;
; Total memory bits                  ; 0 / 423,936 ( 0 % )                     ;
; Embedded Multiplier 9-bit elements ; 0 / 46 ( 0 % )                          ;
; Total PLLs                         ; 0 / 2 ( 0 % )                           ;
+------------------------------------+-----------------------------------------+


+-----------------------------------------+
; Flow Settings                           ;
+-------------------+---------------------+
; Option            ; Setting             ;
+-------------------+---------------------+
; Start date & time ; 01/08/2018 10:44:08 ;
; Main task         ; Compilation         ;
; Revision Name     ; updown_count        ;
+-------------------+---------------------+


+--------------------------------------------------------------------------------------------------------------------+
; Flow Non-Default Global Settings                                                                                   ;
+------------------------------------+--------------------------------+---------------+-------------+----------------+
; Assignment Name                    ; Value                          ; Default Value ; Entity Name ; Section Id     ;
+------------------------------------+--------------------------------+---------------+-------------+----------------+
; COMPILER_SIGNATURE_ID              ; 30902507876029.151537944714268 ; --            ; --          ; --             ;
; MAX_CORE_JUNCTION_TEMP             ; 125                            ; --            ; --          ; --             ;
; MIN_CORE_JUNCTION_TEMP             ; -40                            ; --            ; --          ; --             ;
; NOMINAL_CORE_SUPPLY_VOLTAGE        ; 1.2V                           ; --            ; --          ; --             ;
; PARTITION_COLOR                    ; 16764057                       ; --            ; --          ; Top            ;
; PARTITION_NETLIST_TYPE             ; SOURCE                         ; --            ; --          ; Top            ;
; USE_GENERATED_PHYSICAL_CONSTRAINTS ; Off                            ; --            ; --          ; eda_blast_fpga ;
+------------------------------------+--------------------------------+---------------+-------------+----------------+


+-------------------------------------------------------------------------------------------------------------------------------+
; Flow Elapsed Time                                                                                                             ;
+---------------------------+--------------+-------------------------+---------------------+------------------------------------+
; Module Name               ; Elapsed Time ; Average Processors Used ; Peak Virtual Memory ; Total CPU Time (on all processors) ;
+---------------------------+--------------+-------------------------+---------------------+------------------------------------+
; Analysis & Synthesis      ; 00:00:02     ; 1.0                     ; 287 MB              ; 00:00:02                           ;
; Fitter                    ; 00:00:03     ; 1.0                     ; 334 MB              ; 00:00:03                           ;
; Assembler                 ; 00:00:03     ; 1.0                     ; 278 MB              ; 00:00:02                           ;
; TimeQuest Timing Analyzer ; 00:00:03     ; 1.0                     ; 302 MB              ; 00:00:02                           ;
; Total                     ; 00:00:11     ; --                      ; --                  ; 00:00:09                           ;
+---------------------------+--------------+-------------------------+---------------------+------------------------------------+


+--------------------------------------------------------------------------------------------+
; Flow OS Summary                                                                            ;
+---------------------------+------------------+---------------+------------+----------------+
; Module Name               ; Machine Hostname ; OS Name       ; OS Version ; Processor type ;
+---------------------------+------------------+---------------+------------+----------------+
; Analysis & Synthesis      ; DESKTOP-2B3G8D3  ; Windows Vista ; 6.2        ; x86_64         ;
; Fitter                    ; DESKTOP-2B3G8D3  ; Windows Vista ; 6.2        ; x86_64         ;
; Assembler                 ; DESKTOP-2B3G8D3  ; Windows Vista ; 6.2        ; x86_64         ;
; TimeQuest Timing Analyzer ; DESKTOP-2B3G8D3  ; Windows Vista ; 6.2        ; x86_64         ;
+---------------------------+------------------+---------------+------------+----------------+


------------
; Flow Log ;
------------
quartus_map --read_settings_files=on --write_settings_files=off updown_count -c updown_count
quartus_fit --read_settings_files=off --write_settings_files=off updown_count -c updown_count
quartus_asm --read_settings_files=off --write_settings_files=off updown_count -c updown_count
quartus_sta updown_count -c updown_count



