Classic Timing Analyzer report for Template
Mon Jan 08 01:01:55 2018
Quartus II Version 9.0 Build 132 02/25/2009 SJ Web Edition


---------------------
; Table of Contents ;
---------------------
  1. Legal Notice
  2. Timing Analyzer Summary
  3. Timing Analyzer Settings
  4. Parallel Compilation
  5. tpd
  6. Timing Analyzer Messages



----------------
; Legal Notice ;
----------------
Copyright (C) 1991-2009 Altera Corporation
Your use of Altera Corporation's design tools, logic functions 
and other software and tools, and its AMPP partner logic 
functions, and any output files from any of the foregoing 
(including device programming or simulation files), and any 
associated documentation or information are expressly subject 
to the terms and conditions of the Altera Program License 
Subscription Agreement, Altera MegaCore Function License 
Agreement, or other applicable license agreement, including, 
without limitation, that your use is for the sole purpose of 
programming logic devices manufactured by Altera and sold by 
Altera or its authorized distributors.  Please refer to the 
applicable agreement for further details.



+---------------------------------------------------------------------------------------------------------------------------+
; Timing Analyzer Summary                                                                                                   ;
+------------------------------+-------+---------------+-------------+------+--------+------------+----------+--------------+
; Type                         ; Slack ; Required Time ; Actual Time ; From ; To     ; From Clock ; To Clock ; Failed Paths ;
+------------------------------+-------+---------------+-------------+------+--------+------------+----------+--------------+
; Worst-case tpd               ; N/A   ; None          ; 16.313 ns   ; a[2] ; sum[4] ; --         ; --       ; 0            ;
; Total number of failed paths ;       ;               ;             ;      ;        ;            ;          ; 0            ;
+------------------------------+-------+---------------+-------------+------+--------+------------+----------+--------------+


+--------------------------------------------------------------------------------------------------------------------+
; Timing Analyzer Settings                                                                                           ;
+---------------------------------------------------------------------+--------------------+------+----+-------------+
; Option                                                              ; Setting            ; From ; To ; Entity Name ;
+---------------------------------------------------------------------+--------------------+------+----+-------------+
; Device Name                                                         ; EP1C3T144C8        ;      ;    ;             ;
; Timing Models                                                       ; Final              ;      ;    ;             ;
; Default hold multicycle                                             ; Same as Multicycle ;      ;    ;             ;
; Cut paths between unrelated clock domains                           ; On                 ;      ;    ;             ;
; Cut off read during write signal paths                              ; On                 ;      ;    ;             ;
; Cut off feedback from I/O pins                                      ; On                 ;      ;    ;             ;
; Report Combined Fast/Slow Timing                                    ; Off                ;      ;    ;             ;
; Ignore Clock Settings                                               ; Off                ;      ;    ;             ;
; Analyze latches as synchronous elements                             ; On                 ;      ;    ;             ;
; Enable Recovery/Removal analysis                                    ; Off                ;      ;    ;             ;
; Enable Clock Latency                                                ; Off                ;      ;    ;             ;
; Use TimeQuest Timing Analyzer                                       ; Off                ;      ;    ;             ;
; Minimum Core Junction Temperature                                   ; 0                  ;      ;    ;             ;
; Maximum Core Junction Temperature                                   ; 85                 ;      ;    ;             ;
; Number of source nodes to report per destination node               ; 10                 ;      ;    ;             ;
; Number of destination nodes to report                               ; 10                 ;      ;    ;             ;
; Number of paths to report                                           ; 200                ;      ;    ;             ;
; Report Minimum Timing Checks                                        ; Off                ;      ;    ;             ;
; Use Fast Timing Models                                              ; Off                ;      ;    ;             ;
; Report IO Paths Separately                                          ; Off                ;      ;    ;             ;
; Perform Multicorner Analysis                                        ; Off                ;      ;    ;             ;
; Reports the worst-case path for each clock domain and analysis      ; Off                ;      ;    ;             ;
; Removes common clock path pessimism (CCPP) during slack computation ; Off                ;      ;    ;             ;
; Output I/O Timing Endpoint                                          ; Near End           ;      ;    ;             ;
+---------------------------------------------------------------------+--------------------+------+----+-------------+


Parallel compilation was disabled, but you have multiple processors available. Enable parallel compilation to reduce compilation time.
+-------------------------------------+
; Parallel Compilation                ;
+----------------------------+--------+
; Processors                 ; Number ;
+----------------------------+--------+
; Number detected on machine ; 4      ;
; Maximum allowed            ; 1      ;
+----------------------------+--------+


+-------------------------------------------------------------+
; tpd                                                         ;
+-------+-------------------+-----------------+------+--------+
; Slack ; Required P2P Time ; Actual P2P Time ; From ; To     ;
+-------+-------------------+-----------------+------+--------+
; N/A   ; None              ; 16.313 ns       ; a[2] ; sum[4] ;
; N/A   ; None              ; 16.312 ns       ; a[2] ; sum[7] ;
; N/A   ; None              ; 16.306 ns       ; a[2] ; sum[6] ;
; N/A   ; None              ; 16.110 ns       ; a[2] ; sum[3] ;
; N/A   ; None              ; 15.530 ns       ; a[2] ; sum[2] ;
; N/A   ; None              ; 14.999 ns       ; a[7] ; sum[7] ;
; N/A   ; None              ; 14.996 ns       ; b[4] ; sum[7] ;
; N/A   ; None              ; 14.910 ns       ; b[4] ; sum[6] ;
; N/A   ; None              ; 14.896 ns       ; cin  ; sum[4] ;
; N/A   ; None              ; 14.895 ns       ; cin  ; sum[7] ;
; N/A   ; None              ; 14.889 ns       ; cin  ; sum[6] ;
; N/A   ; None              ; 14.717 ns       ; b[1] ; sum[4] ;
; N/A   ; None              ; 14.716 ns       ; b[1] ; sum[7] ;
; N/A   ; None              ; 14.710 ns       ; b[1] ; sum[6] ;
; N/A   ; None              ; 14.699 ns       ; cin  ; sum[3] ;
; N/A   ; None              ; 14.632 ns       ; cin  ; sum[2] ;
; N/A   ; None              ; 14.586 ns       ; b[5] ; sum[7] ;
; N/A   ; None              ; 14.547 ns       ; a[2] ; sum[5] ;
; N/A   ; None              ; 14.516 ns       ; b[1] ; sum[3] ;
; N/A   ; None              ; 14.500 ns       ; b[5] ; sum[6] ;
; N/A   ; None              ; 14.449 ns       ; b[1] ; sum[2] ;
; N/A   ; None              ; 14.308 ns       ; a[1] ; sum[4] ;
; N/A   ; None              ; 14.307 ns       ; a[1] ; sum[7] ;
; N/A   ; None              ; 14.301 ns       ; a[1] ; sum[6] ;
; N/A   ; None              ; 14.244 ns       ; b[4] ; sum[4] ;
; N/A   ; None              ; 14.208 ns       ; a[6] ; sum[7] ;
; N/A   ; None              ; 14.194 ns       ; a[4] ; sum[7] ;
; N/A   ; None              ; 14.108 ns       ; a[4] ; sum[6] ;
; N/A   ; None              ; 14.106 ns       ; b[2] ; sum[4] ;
; N/A   ; None              ; 14.105 ns       ; b[2] ; sum[7] ;
; N/A   ; None              ; 14.105 ns       ; a[1] ; sum[3] ;
; N/A   ; None              ; 14.100 ns       ; b[0] ; sum[4] ;
; N/A   ; None              ; 14.099 ns       ; b[0] ; sum[7] ;
; N/A   ; None              ; 14.099 ns       ; b[2] ; sum[6] ;
; N/A   ; None              ; 14.093 ns       ; b[0] ; sum[6] ;
; N/A   ; None              ; 14.071 ns       ; a[3] ; sum[4] ;
; N/A   ; None              ; 14.070 ns       ; a[3] ; sum[7] ;
; N/A   ; None              ; 14.064 ns       ; a[3] ; sum[6] ;
; N/A   ; None              ; 14.038 ns       ; a[1] ; sum[2] ;
; N/A   ; None              ; 13.949 ns       ; a[2] ; cout   ;
; N/A   ; None              ; 13.933 ns       ; b[3] ; sum[4] ;
; N/A   ; None              ; 13.932 ns       ; b[3] ; sum[7] ;
; N/A   ; None              ; 13.927 ns       ; a[0] ; sum[4] ;
; N/A   ; None              ; 13.926 ns       ; a[0] ; sum[7] ;
; N/A   ; None              ; 13.926 ns       ; b[3] ; sum[6] ;
; N/A   ; None              ; 13.920 ns       ; a[0] ; sum[6] ;
; N/A   ; None              ; 13.901 ns       ; b[0] ; sum[3] ;
; N/A   ; None              ; 13.901 ns       ; b[2] ; sum[3] ;
; N/A   ; None              ; 13.834 ns       ; b[0] ; sum[2] ;
; N/A   ; None              ; 13.726 ns       ; a[0] ; sum[3] ;
; N/A   ; None              ; 13.659 ns       ; a[0] ; sum[2] ;
; N/A   ; None              ; 13.609 ns       ; a[6] ; sum[6] ;
; N/A   ; None              ; 13.437 ns       ; a[4] ; sum[4] ;
; N/A   ; None              ; 13.342 ns       ; b[7] ; sum[7] ;
; N/A   ; None              ; 13.316 ns       ; b[2] ; sum[2] ;
; N/A   ; None              ; 13.286 ns       ; a[3] ; sum[3] ;
; N/A   ; None              ; 13.229 ns       ; a[7] ; cout   ;
; N/A   ; None              ; 13.161 ns       ; b[3] ; sum[3] ;
; N/A   ; None              ; 13.130 ns       ; cin  ; sum[5] ;
; N/A   ; None              ; 13.071 ns       ; b[4] ; sum[5] ;
; N/A   ; None              ; 13.050 ns       ; cin  ; sum[0] ;
; N/A   ; None              ; 12.951 ns       ; b[1] ; sum[5] ;
; N/A   ; None              ; 12.713 ns       ; b[4] ; cout   ;
; N/A   ; None              ; 12.542 ns       ; a[1] ; sum[5] ;
; N/A   ; None              ; 12.532 ns       ; cin  ; cout   ;
; N/A   ; None              ; 12.353 ns       ; b[1] ; cout   ;
; N/A   ; None              ; 12.340 ns       ; b[2] ; sum[5] ;
; N/A   ; None              ; 12.334 ns       ; b[0] ; sum[5] ;
; N/A   ; None              ; 12.305 ns       ; a[3] ; sum[5] ;
; N/A   ; None              ; 12.303 ns       ; b[5] ; cout   ;
; N/A   ; None              ; 12.269 ns       ; a[4] ; sum[5] ;
; N/A   ; None              ; 12.198 ns       ; cin  ; sum[1] ;
; N/A   ; None              ; 12.167 ns       ; b[3] ; sum[5] ;
; N/A   ; None              ; 12.161 ns       ; a[0] ; sum[5] ;
; N/A   ; None              ; 12.148 ns       ; b[5] ; sum[5] ;
; N/A   ; None              ; 11.944 ns       ; a[1] ; cout   ;
; N/A   ; None              ; 11.925 ns       ; a[6] ; cout   ;
; N/A   ; None              ; 11.911 ns       ; a[4] ; cout   ;
; N/A   ; None              ; 11.742 ns       ; b[2] ; cout   ;
; N/A   ; None              ; 11.739 ns       ; b[0] ; sum[0] ;
; N/A   ; None              ; 11.736 ns       ; b[0] ; cout   ;
; N/A   ; None              ; 11.707 ns       ; a[3] ; cout   ;
; N/A   ; None              ; 11.577 ns       ; b[7] ; cout   ;
; N/A   ; None              ; 11.569 ns       ; b[3] ; cout   ;
; N/A   ; None              ; 11.563 ns       ; a[0] ; cout   ;
; N/A   ; None              ; 11.559 ns       ; a[0] ; sum[0] ;
; N/A   ; None              ; 11.502 ns       ; b[1] ; sum[1] ;
; N/A   ; None              ; 11.400 ns       ; b[0] ; sum[1] ;
; N/A   ; None              ; 11.225 ns       ; a[0] ; sum[1] ;
; N/A   ; None              ; 11.086 ns       ; a[1] ; sum[1] ;
; N/A   ; None              ; 9.131 ns        ; a[5] ; sum[7] ;
; N/A   ; None              ; 9.073 ns        ; b[6] ; sum[7] ;
; N/A   ; None              ; 9.045 ns        ; a[5] ; sum[6] ;
; N/A   ; None              ; 8.469 ns        ; b[6] ; sum[6] ;
; N/A   ; None              ; 6.848 ns        ; a[5] ; cout   ;
; N/A   ; None              ; 6.790 ns        ; b[6] ; cout   ;
; N/A   ; None              ; 6.688 ns        ; a[5] ; sum[5] ;
+-------+-------------------+-----------------+------+--------+


+--------------------------+
; Timing Analyzer Messages ;
+--------------------------+
Info: *******************************************************************
Info: Running Quartus II Classic Timing Analyzer
    Info: Version 9.0 Build 132 02/25/2009 SJ Web Edition
    Info: Processing started: Mon Jan 08 01:01:54 2018
Info: Command: quartus_tan --read_settings_files=off --write_settings_files=off Template -c Template --timing_analysis_only
Info: Longest tpd from source pin "a[2]" to destination pin "sum[4]" is 16.313 ns
    Info: 1: + IC(0.000 ns) + CELL(1.469 ns) = 1.469 ns; Loc. = PIN_31; Fanout = 3; PIN Node = 'a[2]'
    Info: 2: + IC(7.458 ns) + CELL(0.564 ns) = 9.491 ns; Loc. = LC_X26_Y6_N3; Fanout = 2; COMB Node = 'Add0~34'
    Info: 3: + IC(0.000 ns) + CELL(0.178 ns) = 9.669 ns; Loc. = LC_X26_Y6_N4; Fanout = 5; COMB Node = 'Add0~36'
    Info: 4: + IC(0.000 ns) + CELL(0.621 ns) = 10.290 ns; Loc. = LC_X26_Y6_N5; Fanout = 1; COMB Node = 'Add0~37'
    Info: 5: + IC(3.899 ns) + CELL(2.124 ns) = 16.313 ns; Loc. = PIN_11; Fanout = 0; PIN Node = 'sum[4]'
    Info: Total cell delay = 4.956 ns ( 30.38 % )
    Info: Total interconnect delay = 11.357 ns ( 69.62 % )
Info: Quartus II Classic Timing Analyzer was successful. 0 errors, 0 warnings
    Info: Peak virtual memory: 242 megabytes
    Info: Processing ended: Mon Jan 08 01:01:56 2018
    Info: Elapsed time: 00:00:02
    Info: Total CPU time (on all processors): 00:00:01


