Simulator report for ACC
Tue Oct 31 13:21:52 2017
Quartus II Version 9.0 Build 132 02/25/2009 SJ Web Edition


---------------------
; Table of Contents ;
---------------------
  1. Legal Notice
  2. Simulator Summary
  3. Simulator Settings
  4. Simulation Waveforms
  5. Coverage Summary
  6. Complete 1/0-Value Coverage
  7. Missing 1-Value Coverage
  8. Missing 0-Value Coverage
  9. Simulator INI Usage
 10. Simulator Messages



----------------
; Legal Notice ;
----------------
Copyright (C) 1991-2009 Altera Corporation
Your use of Altera Corporation's design tools, logic functions 
and other software and tools, and its AMPP partner logic 
functions, and any output files from any of the foregoing 
(including device programming or simulation files), and any 
associated documentation or information are expressly subject 
to the terms and conditions of the Altera Program License 
Subscription Agreement, Altera MegaCore Function License 
Agreement, or other applicable license agreement, including, 
without limitation, that your use is for the sole purpose of 
programming logic devices manufactured by Altera and sold by 
Altera or its authorized distributors.  Please refer to the 
applicable agreement for further details.



+--------------------------------------------+
; Simulator Summary                          ;
+-----------------------------+--------------+
; Type                        ; Value        ;
+-----------------------------+--------------+
; Simulation Start Time       ; 0 ps         ;
; Simulation End Time         ; 1.0 us       ;
; Simulation Netlist Size     ; 194 nodes    ;
; Simulation Coverage         ;      70.48 % ;
; Total Number of Transitions ; 15016        ;
; Simulation Breakpoints      ; 0            ;
; Family                      ; Cyclone      ;
+-----------------------------+--------------+


+-------------------------------------------------------------------------------------------------------------------------+
; Simulator Settings                                                                                                      ;
+--------------------------------------------------------------------------------------------+------------+---------------+
; Option                                                                                     ; Setting    ; Default Value ;
+--------------------------------------------------------------------------------------------+------------+---------------+
; Simulation mode                                                                            ; Functional ; Timing        ;
; Start time                                                                                 ; 0 ns       ; 0 ns          ;
; Simulation results format                                                                  ; CVWF       ;               ;
; Add pins automatically to simulation output waveforms                                      ; On         ; On            ;
; Check outputs                                                                              ; Off        ; Off           ;
; Report simulation coverage                                                                 ; On         ; On            ;
; Display complete 1/0 value coverage report                                                 ; On         ; On            ;
; Display missing 1-value coverage report                                                    ; On         ; On            ;
; Display missing 0-value coverage report                                                    ; On         ; On            ;
; Detect setup and hold time violations                                                      ; Off        ; Off           ;
; Detect glitches                                                                            ; Off        ; Off           ;
; Disable timing delays in Timing Simulation                                                 ; Off        ; Off           ;
; Generate Signal Activity File                                                              ; Off        ; Off           ;
; Generate VCD File for PowerPlay Power Analyzer                                             ; Off        ; Off           ;
; Group bus channels in simulation results                                                   ; Off        ; Off           ;
; Preserve fewer signal transitions to reduce memory requirements                            ; On         ; On            ;
; Trigger vector comparison with the specified mode                                          ; INPUT_EDGE ; INPUT_EDGE    ;
; Disable setup and hold time violations detection in input registers of bi-directional pins ; Off        ; Off           ;
; Overwrite Waveform Inputs With Simulation Outputs                                          ; Off        ;               ;
; Perform Glitch Filtering in Timing Simulation                                              ; Auto       ; Auto          ;
+--------------------------------------------------------------------------------------------+------------+---------------+


+----------------------+
; Simulation Waveforms ;
+----------------------+
Waveform report data cannot be output to ASCII.
Please use Quartus II to view the waveform report data.


+--------------------------------------------------------------------+
; Coverage Summary                                                   ;
+-----------------------------------------------------+--------------+
; Type                                                ; Value        ;
+-----------------------------------------------------+--------------+
; Total coverage as a percentage                      ;      70.48 % ;
; Total nodes checked                                 ; 194          ;
; Total output ports checked                          ; 210          ;
; Total output ports with complete 1/0-value coverage ; 148          ;
; Total output ports with no 1/0-value coverage       ; 60           ;
; Total output ports with no 1-value coverage         ; 60           ;
; Total output ports with no 0-value coverage         ; 62           ;
+-----------------------------------------------------+--------------+


The following table displays output ports that toggle between 1 and 0 during simulation.
+---------------------------------------------------------------------------------------------------------------------------------------------------------------------------------------------------------------+
; Complete 1/0-Value Coverage                                                                                                                                                                                   ;
+-------------------------------------------------------------------------------------------+------------------------------------------------------------------------------------------------+------------------+
; Node Name                                                                                 ; Output Port Name                                                                               ; Output Port Type ;
+-------------------------------------------------------------------------------------------+------------------------------------------------------------------------------------------------+------------------+
; |ACC|accout[0]                                                                            ; |ACC|accout[0]                                                                                 ; pin_out          ;
; |ACC|accout[1]                                                                            ; |ACC|accout[1]                                                                                 ; pin_out          ;
; |ACC|accout[2]                                                                            ; |ACC|accout[2]                                                                                 ; pin_out          ;
; |ACC|accout[3]                                                                            ; |ACC|accout[3]                                                                                 ; pin_out          ;
; |ACC|accout[4]                                                                            ; |ACC|accout[4]                                                                                 ; pin_out          ;
; |ACC|accout[5]                                                                            ; |ACC|accout[5]                                                                                 ; pin_out          ;
; |ACC|accout[6]                                                                            ; |ACC|accout[6]                                                                                 ; pin_out          ;
; |ACC|accout[7]                                                                            ; |ACC|accout[7]                                                                                 ; pin_out          ;
; |ACC|cout                                                                                 ; |ACC|cout                                                                                      ; pin_out          ;
; |ACC|accin[0]                                                                             ; |ACC|accin[0]                                                                                  ; out              ;
; |ACC|accin[1]                                                                             ; |ACC|accin[1]                                                                                  ; out              ;
; |ACC|accin[2]                                                                             ; |ACC|accin[2]                                                                                  ; out              ;
; |ACC|accin[3]                                                                             ; |ACC|accin[3]                                                                                  ; out              ;
; |ACC|accin[4]                                                                             ; |ACC|accin[4]                                                                                  ; out              ;
; |ACC|accin[5]                                                                             ; |ACC|accin[5]                                                                                  ; out              ;
; |ACC|clk                                                                                  ; |ACC|clk                                                                                       ; out              ;
; |ACC|Reg8:accreg8|qout[7]                                                                 ; |ACC|Reg8:accreg8|qout[7]                                                                      ; regout           ;
; |ACC|Reg8:accreg8|qout[6]                                                                 ; |ACC|Reg8:accreg8|qout[6]                                                                      ; regout           ;
; |ACC|Reg8:accreg8|qout[5]                                                                 ; |ACC|Reg8:accreg8|qout[5]                                                                      ; regout           ;
; |ACC|Reg8:accreg8|qout[4]                                                                 ; |ACC|Reg8:accreg8|qout[4]                                                                      ; regout           ;
; |ACC|Reg8:accreg8|qout[3]                                                                 ; |ACC|Reg8:accreg8|qout[3]                                                                      ; regout           ;
; |ACC|Reg8:accreg8|qout[2]                                                                 ; |ACC|Reg8:accreg8|qout[2]                                                                      ; regout           ;
; |ACC|Reg8:accreg8|qout[1]                                                                 ; |ACC|Reg8:accreg8|qout[1]                                                                      ; regout           ;
; |ACC|Reg8:accreg8|qout[0]                                                                 ; |ACC|Reg8:accreg8|qout[0]                                                                      ; regout           ;
; |ACC|Template:accadd8|lpm_add_sub:Add1|result_node[0]                                     ; |ACC|Template:accadd8|lpm_add_sub:Add1|result_node[0]                                          ; out0             ;
; |ACC|Template:accadd8|lpm_add_sub:Add1|result_node[1]                                     ; |ACC|Template:accadd8|lpm_add_sub:Add1|result_node[1]                                          ; out0             ;
; |ACC|Template:accadd8|lpm_add_sub:Add1|result_node[2]                                     ; |ACC|Template:accadd8|lpm_add_sub:Add1|result_node[2]                                          ; out0             ;
; |ACC|Template:accadd8|lpm_add_sub:Add1|result_node[3]                                     ; |ACC|Template:accadd8|lpm_add_sub:Add1|result_node[3]                                          ; out0             ;
; |ACC|Template:accadd8|lpm_add_sub:Add1|result_node[4]                                     ; |ACC|Template:accadd8|lpm_add_sub:Add1|result_node[4]                                          ; out0             ;
; |ACC|Template:accadd8|lpm_add_sub:Add1|result_node[5]                                     ; |ACC|Template:accadd8|lpm_add_sub:Add1|result_node[5]                                          ; out0             ;
; |ACC|Template:accadd8|lpm_add_sub:Add1|result_node[6]                                     ; |ACC|Template:accadd8|lpm_add_sub:Add1|result_node[6]                                          ; out0             ;
; |ACC|Template:accadd8|lpm_add_sub:Add1|result_node[7]                                     ; |ACC|Template:accadd8|lpm_add_sub:Add1|result_node[7]                                          ; out0             ;
; |ACC|Template:accadd8|lpm_add_sub:Add1|result_node[8]                                     ; |ACC|Template:accadd8|lpm_add_sub:Add1|result_node[8]                                          ; out0             ;
; |ACC|Template:accadd8|lpm_add_sub:Add1|addcore:adder|unreg_res_node[0]~0                  ; |ACC|Template:accadd8|lpm_add_sub:Add1|addcore:adder|unreg_res_node[0]~0                       ; out0             ;
; |ACC|Template:accadd8|lpm_add_sub:Add1|addcore:adder|unreg_res_node[0]                    ; |ACC|Template:accadd8|lpm_add_sub:Add1|addcore:adder|unreg_res_node[0]                         ; out0             ;
; |ACC|Template:accadd8|lpm_add_sub:Add1|addcore:adder|_~1                                  ; |ACC|Template:accadd8|lpm_add_sub:Add1|addcore:adder|_~1                                       ; out0             ;
; |ACC|Template:accadd8|lpm_add_sub:Add1|addcore:adder|unreg_res_node[8]~1                  ; |ACC|Template:accadd8|lpm_add_sub:Add1|addcore:adder|unreg_res_node[8]~1                       ; out0             ;
; |ACC|Template:accadd8|lpm_add_sub:Add1|addcore:adder|unreg_res_node[7]~2                  ; |ACC|Template:accadd8|lpm_add_sub:Add1|addcore:adder|unreg_res_node[7]~2                       ; out0             ;
; |ACC|Template:accadd8|lpm_add_sub:Add1|addcore:adder|unreg_res_node[6]~3                  ; |ACC|Template:accadd8|lpm_add_sub:Add1|addcore:adder|unreg_res_node[6]~3                       ; out0             ;
; |ACC|Template:accadd8|lpm_add_sub:Add1|addcore:adder|unreg_res_node[5]~4                  ; |ACC|Template:accadd8|lpm_add_sub:Add1|addcore:adder|unreg_res_node[5]~4                       ; out0             ;
; |ACC|Template:accadd8|lpm_add_sub:Add1|addcore:adder|unreg_res_node[4]~5                  ; |ACC|Template:accadd8|lpm_add_sub:Add1|addcore:adder|unreg_res_node[4]~5                       ; out0             ;
; |ACC|Template:accadd8|lpm_add_sub:Add1|addcore:adder|unreg_res_node[3]~6                  ; |ACC|Template:accadd8|lpm_add_sub:Add1|addcore:adder|unreg_res_node[3]~6                       ; out0             ;
; |ACC|Template:accadd8|lpm_add_sub:Add1|addcore:adder|unreg_res_node[2]~7                  ; |ACC|Template:accadd8|lpm_add_sub:Add1|addcore:adder|unreg_res_node[2]~7                       ; out0             ;
; |ACC|Template:accadd8|lpm_add_sub:Add1|addcore:adder|unreg_res_node[1]~8                  ; |ACC|Template:accadd8|lpm_add_sub:Add1|addcore:adder|unreg_res_node[1]~8                       ; out0             ;
; |ACC|Template:accadd8|lpm_add_sub:Add1|addcore:adder|unreg_res_node[8]                    ; |ACC|Template:accadd8|lpm_add_sub:Add1|addcore:adder|unreg_res_node[8]                         ; out0             ;
; |ACC|Template:accadd8|lpm_add_sub:Add1|addcore:adder|unreg_res_node[7]                    ; |ACC|Template:accadd8|lpm_add_sub:Add1|addcore:adder|unreg_res_node[7]                         ; out0             ;
; |ACC|Template:accadd8|lpm_add_sub:Add1|addcore:adder|unreg_res_node[6]                    ; |ACC|Template:accadd8|lpm_add_sub:Add1|addcore:adder|unreg_res_node[6]                         ; out0             ;
; |ACC|Template:accadd8|lpm_add_sub:Add1|addcore:adder|unreg_res_node[5]                    ; |ACC|Template:accadd8|lpm_add_sub:Add1|addcore:adder|unreg_res_node[5]                         ; out0             ;
; |ACC|Template:accadd8|lpm_add_sub:Add1|addcore:adder|unreg_res_node[4]                    ; |ACC|Template:accadd8|lpm_add_sub:Add1|addcore:adder|unreg_res_node[4]                         ; out0             ;
; |ACC|Template:accadd8|lpm_add_sub:Add1|addcore:adder|unreg_res_node[3]                    ; |ACC|Template:accadd8|lpm_add_sub:Add1|addcore:adder|unreg_res_node[3]                         ; out0             ;
; |ACC|Template:accadd8|lpm_add_sub:Add1|addcore:adder|unreg_res_node[2]                    ; |ACC|Template:accadd8|lpm_add_sub:Add1|addcore:adder|unreg_res_node[2]                         ; out0             ;
; |ACC|Template:accadd8|lpm_add_sub:Add1|addcore:adder|unreg_res_node[1]                    ; |ACC|Template:accadd8|lpm_add_sub:Add1|addcore:adder|unreg_res_node[1]                         ; out0             ;
; |ACC|Template:accadd8|lpm_add_sub:Add1|addcore:adder|_~12                                 ; |ACC|Template:accadd8|lpm_add_sub:Add1|addcore:adder|_~12                                      ; out0             ;
; |ACC|Template:accadd8|lpm_add_sub:Add1|addcore:adder|_~13                                 ; |ACC|Template:accadd8|lpm_add_sub:Add1|addcore:adder|_~13                                      ; out0             ;
; |ACC|Template:accadd8|lpm_add_sub:Add1|addcore:adder|_~14                                 ; |ACC|Template:accadd8|lpm_add_sub:Add1|addcore:adder|_~14                                      ; out0             ;
; |ACC|Template:accadd8|lpm_add_sub:Add1|addcore:adder|_~15                                 ; |ACC|Template:accadd8|lpm_add_sub:Add1|addcore:adder|_~15                                      ; out0             ;
; |ACC|Template:accadd8|lpm_add_sub:Add1|addcore:adder|_~16                                 ; |ACC|Template:accadd8|lpm_add_sub:Add1|addcore:adder|_~16                                      ; out0             ;
; |ACC|Template:accadd8|lpm_add_sub:Add1|addcore:adder|_~17                                 ; |ACC|Template:accadd8|lpm_add_sub:Add1|addcore:adder|_~17                                      ; out0             ;
; |ACC|Template:accadd8|lpm_add_sub:Add1|addcore:adder|_~18                                 ; |ACC|Template:accadd8|lpm_add_sub:Add1|addcore:adder|_~18                                      ; out0             ;
; |ACC|Template:accadd8|lpm_add_sub:Add1|addcore:adder|_~19                                 ; |ACC|Template:accadd8|lpm_add_sub:Add1|addcore:adder|_~19                                      ; out0             ;
; |ACC|Template:accadd8|lpm_add_sub:Add1|addcore:adder|a_csnbuffer:result_node|cs_buffer[8] ; |ACC|Template:accadd8|lpm_add_sub:Add1|addcore:adder|a_csnbuffer:result_node|cs_buffer[8]      ; sout             ;
; |ACC|Template:accadd8|lpm_add_sub:Add1|addcore:adder|a_csnbuffer:result_node|cs_buffer[7] ; |ACC|Template:accadd8|lpm_add_sub:Add1|addcore:adder|a_csnbuffer:result_node|cs_buffer[7]      ; sout             ;
; |ACC|Template:accadd8|lpm_add_sub:Add1|addcore:adder|a_csnbuffer:result_node|cs_buffer[6] ; |ACC|Template:accadd8|lpm_add_sub:Add1|addcore:adder|a_csnbuffer:result_node|cs_buffer[6]      ; sout             ;
; |ACC|Template:accadd8|lpm_add_sub:Add1|addcore:adder|a_csnbuffer:result_node|cs_buffer[5] ; |ACC|Template:accadd8|lpm_add_sub:Add1|addcore:adder|a_csnbuffer:result_node|cs_buffer[5]      ; sout             ;
; |ACC|Template:accadd8|lpm_add_sub:Add1|addcore:adder|a_csnbuffer:result_node|cs_buffer[4] ; |ACC|Template:accadd8|lpm_add_sub:Add1|addcore:adder|a_csnbuffer:result_node|cs_buffer[4]      ; sout             ;
; |ACC|Template:accadd8|lpm_add_sub:Add1|addcore:adder|a_csnbuffer:result_node|cs_buffer[3] ; |ACC|Template:accadd8|lpm_add_sub:Add1|addcore:adder|a_csnbuffer:result_node|cs_buffer[3]      ; sout             ;
; |ACC|Template:accadd8|lpm_add_sub:Add1|addcore:adder|a_csnbuffer:result_node|cs_buffer[2] ; |ACC|Template:accadd8|lpm_add_sub:Add1|addcore:adder|a_csnbuffer:result_node|cs_buffer[2]      ; sout             ;
; |ACC|Template:accadd8|lpm_add_sub:Add1|addcore:adder|a_csnbuffer:result_node|cs_buffer[1] ; |ACC|Template:accadd8|lpm_add_sub:Add1|addcore:adder|a_csnbuffer:result_node|cs_buffer[1]      ; sout             ;
; |ACC|Template:accadd8|lpm_add_sub:Add1|addcore:adder|a_csnbuffer:result_node|cs_buffer[0] ; |ACC|Template:accadd8|lpm_add_sub:Add1|addcore:adder|a_csnbuffer:result_node|cs_buffer[0]      ; sout             ;
; |ACC|Template:accadd8|lpm_add_sub:Add0|result_node[0]                                     ; |ACC|Template:accadd8|lpm_add_sub:Add0|result_node[0]                                          ; out0             ;
; |ACC|Template:accadd8|lpm_add_sub:Add0|result_node[1]                                     ; |ACC|Template:accadd8|lpm_add_sub:Add0|result_node[1]                                          ; out0             ;
; |ACC|Template:accadd8|lpm_add_sub:Add0|result_node[2]                                     ; |ACC|Template:accadd8|lpm_add_sub:Add0|result_node[2]                                          ; out0             ;
; |ACC|Template:accadd8|lpm_add_sub:Add0|result_node[3]                                     ; |ACC|Template:accadd8|lpm_add_sub:Add0|result_node[3]                                          ; out0             ;
; |ACC|Template:accadd8|lpm_add_sub:Add0|result_node[4]                                     ; |ACC|Template:accadd8|lpm_add_sub:Add0|result_node[4]                                          ; out0             ;
; |ACC|Template:accadd8|lpm_add_sub:Add0|result_node[5]                                     ; |ACC|Template:accadd8|lpm_add_sub:Add0|result_node[5]                                          ; out0             ;
; |ACC|Template:accadd8|lpm_add_sub:Add0|result_node[6]                                     ; |ACC|Template:accadd8|lpm_add_sub:Add0|result_node[6]                                          ; out0             ;
; |ACC|Template:accadd8|lpm_add_sub:Add0|result_node[7]                                     ; |ACC|Template:accadd8|lpm_add_sub:Add0|result_node[7]                                          ; out0             ;
; |ACC|Template:accadd8|lpm_add_sub:Add0|result_node[8]                                     ; |ACC|Template:accadd8|lpm_add_sub:Add0|result_node[8]                                          ; out0             ;
; |ACC|Template:accadd8|lpm_add_sub:Add0|addcore:adder|datab_node[0]                        ; |ACC|Template:accadd8|lpm_add_sub:Add0|addcore:adder|datab_node[0]                             ; out0             ;
; |ACC|Template:accadd8|lpm_add_sub:Add0|addcore:adder|unreg_res_node[0]~0                  ; |ACC|Template:accadd8|lpm_add_sub:Add0|addcore:adder|unreg_res_node[0]~0                       ; out0             ;
; |ACC|Template:accadd8|lpm_add_sub:Add0|addcore:adder|unreg_res_node[0]                    ; |ACC|Template:accadd8|lpm_add_sub:Add0|addcore:adder|unreg_res_node[0]                         ; out0             ;
; |ACC|Template:accadd8|lpm_add_sub:Add0|addcore:adder|_~0                                  ; |ACC|Template:accadd8|lpm_add_sub:Add0|addcore:adder|_~0                                       ; out0             ;
; |ACC|Template:accadd8|lpm_add_sub:Add0|addcore:adder|_~1                                  ; |ACC|Template:accadd8|lpm_add_sub:Add0|addcore:adder|_~1                                       ; out0             ;
; |ACC|Template:accadd8|lpm_add_sub:Add0|addcore:adder|_~3                                  ; |ACC|Template:accadd8|lpm_add_sub:Add0|addcore:adder|_~3                                       ; out0             ;
; |ACC|Template:accadd8|lpm_add_sub:Add0|addcore:adder|datab_node[5]                        ; |ACC|Template:accadd8|lpm_add_sub:Add0|addcore:adder|datab_node[5]                             ; out0             ;
; |ACC|Template:accadd8|lpm_add_sub:Add0|addcore:adder|datab_node[4]                        ; |ACC|Template:accadd8|lpm_add_sub:Add0|addcore:adder|datab_node[4]                             ; out0             ;
; |ACC|Template:accadd8|lpm_add_sub:Add0|addcore:adder|datab_node[3]                        ; |ACC|Template:accadd8|lpm_add_sub:Add0|addcore:adder|datab_node[3]                             ; out0             ;
; |ACC|Template:accadd8|lpm_add_sub:Add0|addcore:adder|datab_node[2]                        ; |ACC|Template:accadd8|lpm_add_sub:Add0|addcore:adder|datab_node[2]                             ; out0             ;
; |ACC|Template:accadd8|lpm_add_sub:Add0|addcore:adder|datab_node[1]                        ; |ACC|Template:accadd8|lpm_add_sub:Add0|addcore:adder|datab_node[1]                             ; out0             ;
; |ACC|Template:accadd8|lpm_add_sub:Add0|addcore:adder|unreg_res_node[7]~2                  ; |ACC|Template:accadd8|lpm_add_sub:Add0|addcore:adder|unreg_res_node[7]~2                       ; out0             ;
; |ACC|Template:accadd8|lpm_add_sub:Add0|addcore:adder|unreg_res_node[6]~3                  ; |ACC|Template:accadd8|lpm_add_sub:Add0|addcore:adder|unreg_res_node[6]~3                       ; out0             ;
; |ACC|Template:accadd8|lpm_add_sub:Add0|addcore:adder|unreg_res_node[5]~4                  ; |ACC|Template:accadd8|lpm_add_sub:Add0|addcore:adder|unreg_res_node[5]~4                       ; out0             ;
; |ACC|Template:accadd8|lpm_add_sub:Add0|addcore:adder|unreg_res_node[4]~5                  ; |ACC|Template:accadd8|lpm_add_sub:Add0|addcore:adder|unreg_res_node[4]~5                       ; out0             ;
; |ACC|Template:accadd8|lpm_add_sub:Add0|addcore:adder|unreg_res_node[3]~6                  ; |ACC|Template:accadd8|lpm_add_sub:Add0|addcore:adder|unreg_res_node[3]~6                       ; out0             ;
; |ACC|Template:accadd8|lpm_add_sub:Add0|addcore:adder|unreg_res_node[2]~7                  ; |ACC|Template:accadd8|lpm_add_sub:Add0|addcore:adder|unreg_res_node[2]~7                       ; out0             ;
; |ACC|Template:accadd8|lpm_add_sub:Add0|addcore:adder|unreg_res_node[1]~8                  ; |ACC|Template:accadd8|lpm_add_sub:Add0|addcore:adder|unreg_res_node[1]~8                       ; out0             ;
; |ACC|Template:accadd8|lpm_add_sub:Add0|addcore:adder|unreg_res_node[8]                    ; |ACC|Template:accadd8|lpm_add_sub:Add0|addcore:adder|unreg_res_node[8]                         ; out0             ;
; |ACC|Template:accadd8|lpm_add_sub:Add0|addcore:adder|unreg_res_node[7]                    ; |ACC|Template:accadd8|lpm_add_sub:Add0|addcore:adder|unreg_res_node[7]                         ; out0             ;
; |ACC|Template:accadd8|lpm_add_sub:Add0|addcore:adder|unreg_res_node[6]                    ; |ACC|Template:accadd8|lpm_add_sub:Add0|addcore:adder|unreg_res_node[6]                         ; out0             ;
; |ACC|Template:accadd8|lpm_add_sub:Add0|addcore:adder|unreg_res_node[5]                    ; |ACC|Template:accadd8|lpm_add_sub:Add0|addcore:adder|unreg_res_node[5]                         ; out0             ;
; |ACC|Template:accadd8|lpm_add_sub:Add0|addcore:adder|unreg_res_node[4]                    ; |ACC|Template:accadd8|lpm_add_sub:Add0|addcore:adder|unreg_res_node[4]                         ; out0             ;
; |ACC|Template:accadd8|lpm_add_sub:Add0|addcore:adder|unreg_res_node[3]                    ; |ACC|Template:accadd8|lpm_add_sub:Add0|addcore:adder|unreg_res_node[3]                         ; out0             ;
; |ACC|Template:accadd8|lpm_add_sub:Add0|addcore:adder|unreg_res_node[2]                    ; |ACC|Template:accadd8|lpm_add_sub:Add0|addcore:adder|unreg_res_node[2]                         ; out0             ;
; |ACC|Template:accadd8|lpm_add_sub:Add0|addcore:adder|unreg_res_node[1]                    ; |ACC|Template:accadd8|lpm_add_sub:Add0|addcore:adder|unreg_res_node[1]                         ; out0             ;
; |ACC|Template:accadd8|lpm_add_sub:Add0|addcore:adder|_~6                                  ; |ACC|Template:accadd8|lpm_add_sub:Add0|addcore:adder|_~6                                       ; out0             ;
; |ACC|Template:accadd8|lpm_add_sub:Add0|addcore:adder|_~7                                  ; |ACC|Template:accadd8|lpm_add_sub:Add0|addcore:adder|_~7                                       ; out0             ;
; |ACC|Template:accadd8|lpm_add_sub:Add0|addcore:adder|_~8                                  ; |ACC|Template:accadd8|lpm_add_sub:Add0|addcore:adder|_~8                                       ; out0             ;
; |ACC|Template:accadd8|lpm_add_sub:Add0|addcore:adder|_~9                                  ; |ACC|Template:accadd8|lpm_add_sub:Add0|addcore:adder|_~9                                       ; out0             ;
; |ACC|Template:accadd8|lpm_add_sub:Add0|addcore:adder|_~10                                 ; |ACC|Template:accadd8|lpm_add_sub:Add0|addcore:adder|_~10                                      ; out0             ;
; |ACC|Template:accadd8|lpm_add_sub:Add0|addcore:adder|_~11                                 ; |ACC|Template:accadd8|lpm_add_sub:Add0|addcore:adder|_~11                                      ; out0             ;
; |ACC|Template:accadd8|lpm_add_sub:Add0|addcore:adder|_~13                                 ; |ACC|Template:accadd8|lpm_add_sub:Add0|addcore:adder|_~13                                      ; out0             ;
; |ACC|Template:accadd8|lpm_add_sub:Add0|addcore:adder|_~14                                 ; |ACC|Template:accadd8|lpm_add_sub:Add0|addcore:adder|_~14                                      ; out0             ;
; |ACC|Template:accadd8|lpm_add_sub:Add0|addcore:adder|_~15                                 ; |ACC|Template:accadd8|lpm_add_sub:Add0|addcore:adder|_~15                                      ; out0             ;
; |ACC|Template:accadd8|lpm_add_sub:Add0|addcore:adder|_~16                                 ; |ACC|Template:accadd8|lpm_add_sub:Add0|addcore:adder|_~16                                      ; out0             ;
; |ACC|Template:accadd8|lpm_add_sub:Add0|addcore:adder|_~17                                 ; |ACC|Template:accadd8|lpm_add_sub:Add0|addcore:adder|_~17                                      ; out0             ;
; |ACC|Template:accadd8|lpm_add_sub:Add0|addcore:adder|_~18                                 ; |ACC|Template:accadd8|lpm_add_sub:Add0|addcore:adder|_~18                                      ; out0             ;
; |ACC|Template:accadd8|lpm_add_sub:Add0|addcore:adder|_~19                                 ; |ACC|Template:accadd8|lpm_add_sub:Add0|addcore:adder|_~19                                      ; out0             ;
; |ACC|Template:accadd8|lpm_add_sub:Add0|addcore:adder|_~21                                 ; |ACC|Template:accadd8|lpm_add_sub:Add0|addcore:adder|_~21                                      ; out0             ;
; |ACC|Template:accadd8|lpm_add_sub:Add0|addcore:adder|_~22                                 ; |ACC|Template:accadd8|lpm_add_sub:Add0|addcore:adder|_~22                                      ; out0             ;
; |ACC|Template:accadd8|lpm_add_sub:Add0|addcore:adder|_~23                                 ; |ACC|Template:accadd8|lpm_add_sub:Add0|addcore:adder|_~23                                      ; out0             ;
; |ACC|Template:accadd8|lpm_add_sub:Add0|addcore:adder|_~24                                 ; |ACC|Template:accadd8|lpm_add_sub:Add0|addcore:adder|_~24                                      ; out0             ;
; |ACC|Template:accadd8|lpm_add_sub:Add0|addcore:adder|_~25                                 ; |ACC|Template:accadd8|lpm_add_sub:Add0|addcore:adder|_~25                                      ; out0             ;
; |ACC|Template:accadd8|lpm_add_sub:Add0|addcore:adder|_~26                                 ; |ACC|Template:accadd8|lpm_add_sub:Add0|addcore:adder|_~26                                      ; out0             ;
; |ACC|Template:accadd8|lpm_add_sub:Add0|addcore:adder|_~27                                 ; |ACC|Template:accadd8|lpm_add_sub:Add0|addcore:adder|_~27                                      ; out0             ;
; |ACC|Template:accadd8|lpm_add_sub:Add0|addcore:adder|_~29                                 ; |ACC|Template:accadd8|lpm_add_sub:Add0|addcore:adder|_~29                                      ; out0             ;
; |ACC|Template:accadd8|lpm_add_sub:Add0|addcore:adder|_~30                                 ; |ACC|Template:accadd8|lpm_add_sub:Add0|addcore:adder|_~30                                      ; out0             ;
; |ACC|Template:accadd8|lpm_add_sub:Add0|addcore:adder|_~31                                 ; |ACC|Template:accadd8|lpm_add_sub:Add0|addcore:adder|_~31                                      ; out0             ;
; |ACC|Template:accadd8|lpm_add_sub:Add0|addcore:adder|_~32                                 ; |ACC|Template:accadd8|lpm_add_sub:Add0|addcore:adder|_~32                                      ; out0             ;
; |ACC|Template:accadd8|lpm_add_sub:Add0|addcore:adder|_~33                                 ; |ACC|Template:accadd8|lpm_add_sub:Add0|addcore:adder|_~33                                      ; out0             ;
; |ACC|Template:accadd8|lpm_add_sub:Add0|addcore:adder|_~34                                 ; |ACC|Template:accadd8|lpm_add_sub:Add0|addcore:adder|_~34                                      ; out0             ;
; |ACC|Template:accadd8|lpm_add_sub:Add0|addcore:adder|_~35                                 ; |ACC|Template:accadd8|lpm_add_sub:Add0|addcore:adder|_~35                                      ; out0             ;
; |ACC|Template:accadd8|lpm_add_sub:Add0|addcore:adder|a_csnbuffer:result_node|cs_buffer[8] ; |ACC|Template:accadd8|lpm_add_sub:Add0|addcore:adder|a_csnbuffer:result_node|cs_buffer[8]      ; sout             ;
; |ACC|Template:accadd8|lpm_add_sub:Add0|addcore:adder|a_csnbuffer:result_node|cs_buffer[7] ; |ACC|Template:accadd8|lpm_add_sub:Add0|addcore:adder|a_csnbuffer:result_node|cs_buffer[7]~COUT ; cout             ;
; |ACC|Template:accadd8|lpm_add_sub:Add0|addcore:adder|a_csnbuffer:result_node|cs_buffer[7] ; |ACC|Template:accadd8|lpm_add_sub:Add0|addcore:adder|a_csnbuffer:result_node|cs_buffer[7]      ; sout             ;
; |ACC|Template:accadd8|lpm_add_sub:Add0|addcore:adder|a_csnbuffer:result_node|cs_buffer[6] ; |ACC|Template:accadd8|lpm_add_sub:Add0|addcore:adder|a_csnbuffer:result_node|cs_buffer[6]~COUT ; cout             ;
; |ACC|Template:accadd8|lpm_add_sub:Add0|addcore:adder|a_csnbuffer:result_node|cs_buffer[6] ; |ACC|Template:accadd8|lpm_add_sub:Add0|addcore:adder|a_csnbuffer:result_node|cs_buffer[6]      ; sout             ;
; |ACC|Template:accadd8|lpm_add_sub:Add0|addcore:adder|a_csnbuffer:result_node|cs_buffer[5] ; |ACC|Template:accadd8|lpm_add_sub:Add0|addcore:adder|a_csnbuffer:result_node|cs_buffer[5]~COUT ; cout             ;
; |ACC|Template:accadd8|lpm_add_sub:Add0|addcore:adder|a_csnbuffer:result_node|cs_buffer[5] ; |ACC|Template:accadd8|lpm_add_sub:Add0|addcore:adder|a_csnbuffer:result_node|cs_buffer[5]      ; sout             ;
; |ACC|Template:accadd8|lpm_add_sub:Add0|addcore:adder|a_csnbuffer:result_node|cs_buffer[4] ; |ACC|Template:accadd8|lpm_add_sub:Add0|addcore:adder|a_csnbuffer:result_node|cs_buffer[4]~COUT ; cout             ;
; |ACC|Template:accadd8|lpm_add_sub:Add0|addcore:adder|a_csnbuffer:result_node|cs_buffer[4] ; |ACC|Template:accadd8|lpm_add_sub:Add0|addcore:adder|a_csnbuffer:result_node|cs_buffer[4]      ; sout             ;
; |ACC|Template:accadd8|lpm_add_sub:Add0|addcore:adder|a_csnbuffer:result_node|cs_buffer[3] ; |ACC|Template:accadd8|lpm_add_sub:Add0|addcore:adder|a_csnbuffer:result_node|cs_buffer[3]~COUT ; cout             ;
; |ACC|Template:accadd8|lpm_add_sub:Add0|addcore:adder|a_csnbuffer:result_node|cs_buffer[3] ; |ACC|Template:accadd8|lpm_add_sub:Add0|addcore:adder|a_csnbuffer:result_node|cs_buffer[3]      ; sout             ;
; |ACC|Template:accadd8|lpm_add_sub:Add0|addcore:adder|a_csnbuffer:result_node|cs_buffer[2] ; |ACC|Template:accadd8|lpm_add_sub:Add0|addcore:adder|a_csnbuffer:result_node|cs_buffer[2]~COUT ; cout             ;
; |ACC|Template:accadd8|lpm_add_sub:Add0|addcore:adder|a_csnbuffer:result_node|cs_buffer[2] ; |ACC|Template:accadd8|lpm_add_sub:Add0|addcore:adder|a_csnbuffer:result_node|cs_buffer[2]      ; sout             ;
; |ACC|Template:accadd8|lpm_add_sub:Add0|addcore:adder|a_csnbuffer:result_node|cs_buffer[1] ; |ACC|Template:accadd8|lpm_add_sub:Add0|addcore:adder|a_csnbuffer:result_node|cs_buffer[1]~COUT ; cout             ;
; |ACC|Template:accadd8|lpm_add_sub:Add0|addcore:adder|a_csnbuffer:result_node|cs_buffer[1] ; |ACC|Template:accadd8|lpm_add_sub:Add0|addcore:adder|a_csnbuffer:result_node|cs_buffer[1]      ; sout             ;
; |ACC|Template:accadd8|lpm_add_sub:Add0|addcore:adder|a_csnbuffer:result_node|cs_buffer[0] ; |ACC|Template:accadd8|lpm_add_sub:Add0|addcore:adder|a_csnbuffer:result_node|cs_buffer[0]~COUT ; cout             ;
; |ACC|Template:accadd8|lpm_add_sub:Add0|addcore:adder|a_csnbuffer:result_node|cs_buffer[0] ; |ACC|Template:accadd8|lpm_add_sub:Add0|addcore:adder|a_csnbuffer:result_node|cs_buffer[0]      ; sout             ;
+-------------------------------------------------------------------------------------------+------------------------------------------------------------------------------------------------+------------------+


The following table displays output ports that do not toggle to 1 during simulation.
+---------------------------------------------------------------------------------------------------------------------------------------------------------------------------------------------------------------+
; Missing 1-Value Coverage                                                                                                                                                                                      ;
+-------------------------------------------------------------------------------------------+------------------------------------------------------------------------------------------------+------------------+
; Node Name                                                                                 ; Output Port Name                                                                               ; Output Port Type ;
+-------------------------------------------------------------------------------------------+------------------------------------------------------------------------------------------------+------------------+
; |ACC|accin[7]                                                                             ; |ACC|accin[7]                                                                                  ; out              ;
; |ACC|cin                                                                                  ; |ACC|cin                                                                                       ; out              ;
; |ACC|clear                                                                                ; |ACC|clear                                                                                     ; out              ;
; |ACC|Template:accadd8|lpm_add_sub:Add1|addcore:adder|datab_node[0]~0                      ; |ACC|Template:accadd8|lpm_add_sub:Add1|addcore:adder|datab_node[0]~0                           ; out0             ;
; |ACC|Template:accadd8|lpm_add_sub:Add1|addcore:adder|datab_node[0]                        ; |ACC|Template:accadd8|lpm_add_sub:Add1|addcore:adder|datab_node[0]                             ; out0             ;
; |ACC|Template:accadd8|lpm_add_sub:Add1|addcore:adder|_~0                                  ; |ACC|Template:accadd8|lpm_add_sub:Add1|addcore:adder|_~0                                       ; out0             ;
; |ACC|Template:accadd8|lpm_add_sub:Add1|addcore:adder|_~2                                  ; |ACC|Template:accadd8|lpm_add_sub:Add1|addcore:adder|_~2                                       ; out0             ;
; |ACC|Template:accadd8|lpm_add_sub:Add1|addcore:adder|_~3                                  ; |ACC|Template:accadd8|lpm_add_sub:Add1|addcore:adder|_~3                                       ; out0             ;
; |ACC|Template:accadd8|lpm_add_sub:Add1|addcore:adder|datab_node[8]~1                      ; |ACC|Template:accadd8|lpm_add_sub:Add1|addcore:adder|datab_node[8]~1                           ; out0             ;
; |ACC|Template:accadd8|lpm_add_sub:Add1|addcore:adder|datab_node[8]                        ; |ACC|Template:accadd8|lpm_add_sub:Add1|addcore:adder|datab_node[8]                             ; out0             ;
; |ACC|Template:accadd8|lpm_add_sub:Add1|addcore:adder|datab_node[7]                        ; |ACC|Template:accadd8|lpm_add_sub:Add1|addcore:adder|datab_node[7]                             ; out0             ;
; |ACC|Template:accadd8|lpm_add_sub:Add1|addcore:adder|datab_node[6]                        ; |ACC|Template:accadd8|lpm_add_sub:Add1|addcore:adder|datab_node[6]                             ; out0             ;
; |ACC|Template:accadd8|lpm_add_sub:Add1|addcore:adder|datab_node[5]                        ; |ACC|Template:accadd8|lpm_add_sub:Add1|addcore:adder|datab_node[5]                             ; out0             ;
; |ACC|Template:accadd8|lpm_add_sub:Add1|addcore:adder|datab_node[4]                        ; |ACC|Template:accadd8|lpm_add_sub:Add1|addcore:adder|datab_node[4]                             ; out0             ;
; |ACC|Template:accadd8|lpm_add_sub:Add1|addcore:adder|datab_node[3]                        ; |ACC|Template:accadd8|lpm_add_sub:Add1|addcore:adder|datab_node[3]                             ; out0             ;
; |ACC|Template:accadd8|lpm_add_sub:Add1|addcore:adder|datab_node[2]                        ; |ACC|Template:accadd8|lpm_add_sub:Add1|addcore:adder|datab_node[2]                             ; out0             ;
; |ACC|Template:accadd8|lpm_add_sub:Add1|addcore:adder|datab_node[1]                        ; |ACC|Template:accadd8|lpm_add_sub:Add1|addcore:adder|datab_node[1]                             ; out0             ;
; |ACC|Template:accadd8|lpm_add_sub:Add1|addcore:adder|_~4                                  ; |ACC|Template:accadd8|lpm_add_sub:Add1|addcore:adder|_~4                                       ; out0             ;
; |ACC|Template:accadd8|lpm_add_sub:Add1|addcore:adder|_~5                                  ; |ACC|Template:accadd8|lpm_add_sub:Add1|addcore:adder|_~5                                       ; out0             ;
; |ACC|Template:accadd8|lpm_add_sub:Add1|addcore:adder|_~6                                  ; |ACC|Template:accadd8|lpm_add_sub:Add1|addcore:adder|_~6                                       ; out0             ;
; |ACC|Template:accadd8|lpm_add_sub:Add1|addcore:adder|_~7                                  ; |ACC|Template:accadd8|lpm_add_sub:Add1|addcore:adder|_~7                                       ; out0             ;
; |ACC|Template:accadd8|lpm_add_sub:Add1|addcore:adder|_~8                                  ; |ACC|Template:accadd8|lpm_add_sub:Add1|addcore:adder|_~8                                       ; out0             ;
; |ACC|Template:accadd8|lpm_add_sub:Add1|addcore:adder|_~9                                  ; |ACC|Template:accadd8|lpm_add_sub:Add1|addcore:adder|_~9                                       ; out0             ;
; |ACC|Template:accadd8|lpm_add_sub:Add1|addcore:adder|_~10                                 ; |ACC|Template:accadd8|lpm_add_sub:Add1|addcore:adder|_~10                                      ; out0             ;
; |ACC|Template:accadd8|lpm_add_sub:Add1|addcore:adder|_~11                                 ; |ACC|Template:accadd8|lpm_add_sub:Add1|addcore:adder|_~11                                      ; out0             ;
; |ACC|Template:accadd8|lpm_add_sub:Add1|addcore:adder|_~20                                 ; |ACC|Template:accadd8|lpm_add_sub:Add1|addcore:adder|_~20                                      ; out0             ;
; |ACC|Template:accadd8|lpm_add_sub:Add1|addcore:adder|_~21                                 ; |ACC|Template:accadd8|lpm_add_sub:Add1|addcore:adder|_~21                                      ; out0             ;
; |ACC|Template:accadd8|lpm_add_sub:Add1|addcore:adder|_~22                                 ; |ACC|Template:accadd8|lpm_add_sub:Add1|addcore:adder|_~22                                      ; out0             ;
; |ACC|Template:accadd8|lpm_add_sub:Add1|addcore:adder|_~23                                 ; |ACC|Template:accadd8|lpm_add_sub:Add1|addcore:adder|_~23                                      ; out0             ;
; |ACC|Template:accadd8|lpm_add_sub:Add1|addcore:adder|_~24                                 ; |ACC|Template:accadd8|lpm_add_sub:Add1|addcore:adder|_~24                                      ; out0             ;
; |ACC|Template:accadd8|lpm_add_sub:Add1|addcore:adder|_~25                                 ; |ACC|Template:accadd8|lpm_add_sub:Add1|addcore:adder|_~25                                      ; out0             ;
; |ACC|Template:accadd8|lpm_add_sub:Add1|addcore:adder|_~26                                 ; |ACC|Template:accadd8|lpm_add_sub:Add1|addcore:adder|_~26                                      ; out0             ;
; |ACC|Template:accadd8|lpm_add_sub:Add1|addcore:adder|_~27                                 ; |ACC|Template:accadd8|lpm_add_sub:Add1|addcore:adder|_~27                                      ; out0             ;
; |ACC|Template:accadd8|lpm_add_sub:Add1|addcore:adder|_~28                                 ; |ACC|Template:accadd8|lpm_add_sub:Add1|addcore:adder|_~28                                      ; out0             ;
; |ACC|Template:accadd8|lpm_add_sub:Add1|addcore:adder|_~29                                 ; |ACC|Template:accadd8|lpm_add_sub:Add1|addcore:adder|_~29                                      ; out0             ;
; |ACC|Template:accadd8|lpm_add_sub:Add1|addcore:adder|_~30                                 ; |ACC|Template:accadd8|lpm_add_sub:Add1|addcore:adder|_~30                                      ; out0             ;
; |ACC|Template:accadd8|lpm_add_sub:Add1|addcore:adder|_~31                                 ; |ACC|Template:accadd8|lpm_add_sub:Add1|addcore:adder|_~31                                      ; out0             ;
; |ACC|Template:accadd8|lpm_add_sub:Add1|addcore:adder|_~32                                 ; |ACC|Template:accadd8|lpm_add_sub:Add1|addcore:adder|_~32                                      ; out0             ;
; |ACC|Template:accadd8|lpm_add_sub:Add1|addcore:adder|_~33                                 ; |ACC|Template:accadd8|lpm_add_sub:Add1|addcore:adder|_~33                                      ; out0             ;
; |ACC|Template:accadd8|lpm_add_sub:Add1|addcore:adder|_~34                                 ; |ACC|Template:accadd8|lpm_add_sub:Add1|addcore:adder|_~34                                      ; out0             ;
; |ACC|Template:accadd8|lpm_add_sub:Add1|addcore:adder|_~35                                 ; |ACC|Template:accadd8|lpm_add_sub:Add1|addcore:adder|_~35                                      ; out0             ;
; |ACC|Template:accadd8|lpm_add_sub:Add1|addcore:adder|a_csnbuffer:result_node|cs_buffer[7] ; |ACC|Template:accadd8|lpm_add_sub:Add1|addcore:adder|a_csnbuffer:result_node|cs_buffer[7]~COUT ; cout             ;
; |ACC|Template:accadd8|lpm_add_sub:Add1|addcore:adder|a_csnbuffer:result_node|cs_buffer[6] ; |ACC|Template:accadd8|lpm_add_sub:Add1|addcore:adder|a_csnbuffer:result_node|cs_buffer[6]~COUT ; cout             ;
; |ACC|Template:accadd8|lpm_add_sub:Add1|addcore:adder|a_csnbuffer:result_node|cs_buffer[5] ; |ACC|Template:accadd8|lpm_add_sub:Add1|addcore:adder|a_csnbuffer:result_node|cs_buffer[5]~COUT ; cout             ;
; |ACC|Template:accadd8|lpm_add_sub:Add1|addcore:adder|a_csnbuffer:result_node|cs_buffer[4] ; |ACC|Template:accadd8|lpm_add_sub:Add1|addcore:adder|a_csnbuffer:result_node|cs_buffer[4]~COUT ; cout             ;
; |ACC|Template:accadd8|lpm_add_sub:Add1|addcore:adder|a_csnbuffer:result_node|cs_buffer[3] ; |ACC|Template:accadd8|lpm_add_sub:Add1|addcore:adder|a_csnbuffer:result_node|cs_buffer[3]~COUT ; cout             ;
; |ACC|Template:accadd8|lpm_add_sub:Add1|addcore:adder|a_csnbuffer:result_node|cs_buffer[2] ; |ACC|Template:accadd8|lpm_add_sub:Add1|addcore:adder|a_csnbuffer:result_node|cs_buffer[2]~COUT ; cout             ;
; |ACC|Template:accadd8|lpm_add_sub:Add1|addcore:adder|a_csnbuffer:result_node|cs_buffer[1] ; |ACC|Template:accadd8|lpm_add_sub:Add1|addcore:adder|a_csnbuffer:result_node|cs_buffer[1]~COUT ; cout             ;
; |ACC|Template:accadd8|lpm_add_sub:Add1|addcore:adder|a_csnbuffer:result_node|cs_buffer[0] ; |ACC|Template:accadd8|lpm_add_sub:Add1|addcore:adder|a_csnbuffer:result_node|cs_buffer[0]~COUT ; cout             ;
; |ACC|Template:accadd8|lpm_add_sub:Add0|addcore:adder|datab_node[0]~0                      ; |ACC|Template:accadd8|lpm_add_sub:Add0|addcore:adder|datab_node[0]~0                           ; out0             ;
; |ACC|Template:accadd8|lpm_add_sub:Add0|addcore:adder|_~2                                  ; |ACC|Template:accadd8|lpm_add_sub:Add0|addcore:adder|_~2                                       ; out0             ;
; |ACC|Template:accadd8|lpm_add_sub:Add0|addcore:adder|datab_node[8]~1                      ; |ACC|Template:accadd8|lpm_add_sub:Add0|addcore:adder|datab_node[8]~1                           ; out0             ;
; |ACC|Template:accadd8|lpm_add_sub:Add0|addcore:adder|datab_node[8]                        ; |ACC|Template:accadd8|lpm_add_sub:Add0|addcore:adder|datab_node[8]                             ; out0             ;
; |ACC|Template:accadd8|lpm_add_sub:Add0|addcore:adder|datab_node[7]                        ; |ACC|Template:accadd8|lpm_add_sub:Add0|addcore:adder|datab_node[7]                             ; out0             ;
; |ACC|Template:accadd8|lpm_add_sub:Add0|addcore:adder|unreg_res_node[8]~1                  ; |ACC|Template:accadd8|lpm_add_sub:Add0|addcore:adder|unreg_res_node[8]~1                       ; out0             ;
; |ACC|Template:accadd8|lpm_add_sub:Add0|addcore:adder|_~4                                  ; |ACC|Template:accadd8|lpm_add_sub:Add0|addcore:adder|_~4                                       ; out0             ;
; |ACC|Template:accadd8|lpm_add_sub:Add0|addcore:adder|_~5                                  ; |ACC|Template:accadd8|lpm_add_sub:Add0|addcore:adder|_~5                                       ; out0             ;
; |ACC|Template:accadd8|lpm_add_sub:Add0|addcore:adder|_~12                                 ; |ACC|Template:accadd8|lpm_add_sub:Add0|addcore:adder|_~12                                      ; out0             ;
; |ACC|Template:accadd8|lpm_add_sub:Add0|addcore:adder|_~20                                 ; |ACC|Template:accadd8|lpm_add_sub:Add0|addcore:adder|_~20                                      ; out0             ;
; |ACC|Template:accadd8|lpm_add_sub:Add0|addcore:adder|_~28                                 ; |ACC|Template:accadd8|lpm_add_sub:Add0|addcore:adder|_~28                                      ; out0             ;
+-------------------------------------------------------------------------------------------+------------------------------------------------------------------------------------------------+------------------+


The following table displays output ports that do not toggle to 0 during simulation.
+---------------------------------------------------------------------------------------------------------------------------------------------------------------------------------------------------------------+
; Missing 0-Value Coverage                                                                                                                                                                                      ;
+-------------------------------------------------------------------------------------------+------------------------------------------------------------------------------------------------+------------------+
; Node Name                                                                                 ; Output Port Name                                                                               ; Output Port Type ;
+-------------------------------------------------------------------------------------------+------------------------------------------------------------------------------------------------+------------------+
; |ACC|accin[6]                                                                             ; |ACC|accin[6]                                                                                  ; out              ;
; |ACC|accin[7]                                                                             ; |ACC|accin[7]                                                                                  ; out              ;
; |ACC|cin                                                                                  ; |ACC|cin                                                                                       ; out              ;
; |ACC|clear                                                                                ; |ACC|clear                                                                                     ; out              ;
; |ACC|Template:accadd8|lpm_add_sub:Add1|addcore:adder|datab_node[0]~0                      ; |ACC|Template:accadd8|lpm_add_sub:Add1|addcore:adder|datab_node[0]~0                           ; out0             ;
; |ACC|Template:accadd8|lpm_add_sub:Add1|addcore:adder|datab_node[0]                        ; |ACC|Template:accadd8|lpm_add_sub:Add1|addcore:adder|datab_node[0]                             ; out0             ;
; |ACC|Template:accadd8|lpm_add_sub:Add1|addcore:adder|_~0                                  ; |ACC|Template:accadd8|lpm_add_sub:Add1|addcore:adder|_~0                                       ; out0             ;
; |ACC|Template:accadd8|lpm_add_sub:Add1|addcore:adder|_~2                                  ; |ACC|Template:accadd8|lpm_add_sub:Add1|addcore:adder|_~2                                       ; out0             ;
; |ACC|Template:accadd8|lpm_add_sub:Add1|addcore:adder|_~3                                  ; |ACC|Template:accadd8|lpm_add_sub:Add1|addcore:adder|_~3                                       ; out0             ;
; |ACC|Template:accadd8|lpm_add_sub:Add1|addcore:adder|datab_node[8]~1                      ; |ACC|Template:accadd8|lpm_add_sub:Add1|addcore:adder|datab_node[8]~1                           ; out0             ;
; |ACC|Template:accadd8|lpm_add_sub:Add1|addcore:adder|datab_node[8]                        ; |ACC|Template:accadd8|lpm_add_sub:Add1|addcore:adder|datab_node[8]                             ; out0             ;
; |ACC|Template:accadd8|lpm_add_sub:Add1|addcore:adder|datab_node[7]                        ; |ACC|Template:accadd8|lpm_add_sub:Add1|addcore:adder|datab_node[7]                             ; out0             ;
; |ACC|Template:accadd8|lpm_add_sub:Add1|addcore:adder|datab_node[6]                        ; |ACC|Template:accadd8|lpm_add_sub:Add1|addcore:adder|datab_node[6]                             ; out0             ;
; |ACC|Template:accadd8|lpm_add_sub:Add1|addcore:adder|datab_node[5]                        ; |ACC|Template:accadd8|lpm_add_sub:Add1|addcore:adder|datab_node[5]                             ; out0             ;
; |ACC|Template:accadd8|lpm_add_sub:Add1|addcore:adder|datab_node[4]                        ; |ACC|Template:accadd8|lpm_add_sub:Add1|addcore:adder|datab_node[4]                             ; out0             ;
; |ACC|Template:accadd8|lpm_add_sub:Add1|addcore:adder|datab_node[3]                        ; |ACC|Template:accadd8|lpm_add_sub:Add1|addcore:adder|datab_node[3]                             ; out0             ;
; |ACC|Template:accadd8|lpm_add_sub:Add1|addcore:adder|datab_node[2]                        ; |ACC|Template:accadd8|lpm_add_sub:Add1|addcore:adder|datab_node[2]                             ; out0             ;
; |ACC|Template:accadd8|lpm_add_sub:Add1|addcore:adder|datab_node[1]                        ; |ACC|Template:accadd8|lpm_add_sub:Add1|addcore:adder|datab_node[1]                             ; out0             ;
; |ACC|Template:accadd8|lpm_add_sub:Add1|addcore:adder|_~4                                  ; |ACC|Template:accadd8|lpm_add_sub:Add1|addcore:adder|_~4                                       ; out0             ;
; |ACC|Template:accadd8|lpm_add_sub:Add1|addcore:adder|_~5                                  ; |ACC|Template:accadd8|lpm_add_sub:Add1|addcore:adder|_~5                                       ; out0             ;
; |ACC|Template:accadd8|lpm_add_sub:Add1|addcore:adder|_~6                                  ; |ACC|Template:accadd8|lpm_add_sub:Add1|addcore:adder|_~6                                       ; out0             ;
; |ACC|Template:accadd8|lpm_add_sub:Add1|addcore:adder|_~7                                  ; |ACC|Template:accadd8|lpm_add_sub:Add1|addcore:adder|_~7                                       ; out0             ;
; |ACC|Template:accadd8|lpm_add_sub:Add1|addcore:adder|_~8                                  ; |ACC|Template:accadd8|lpm_add_sub:Add1|addcore:adder|_~8                                       ; out0             ;
; |ACC|Template:accadd8|lpm_add_sub:Add1|addcore:adder|_~9                                  ; |ACC|Template:accadd8|lpm_add_sub:Add1|addcore:adder|_~9                                       ; out0             ;
; |ACC|Template:accadd8|lpm_add_sub:Add1|addcore:adder|_~10                                 ; |ACC|Template:accadd8|lpm_add_sub:Add1|addcore:adder|_~10                                      ; out0             ;
; |ACC|Template:accadd8|lpm_add_sub:Add1|addcore:adder|_~11                                 ; |ACC|Template:accadd8|lpm_add_sub:Add1|addcore:adder|_~11                                      ; out0             ;
; |ACC|Template:accadd8|lpm_add_sub:Add1|addcore:adder|_~20                                 ; |ACC|Template:accadd8|lpm_add_sub:Add1|addcore:adder|_~20                                      ; out0             ;
; |ACC|Template:accadd8|lpm_add_sub:Add1|addcore:adder|_~21                                 ; |ACC|Template:accadd8|lpm_add_sub:Add1|addcore:adder|_~21                                      ; out0             ;
; |ACC|Template:accadd8|lpm_add_sub:Add1|addcore:adder|_~22                                 ; |ACC|Template:accadd8|lpm_add_sub:Add1|addcore:adder|_~22                                      ; out0             ;
; |ACC|Template:accadd8|lpm_add_sub:Add1|addcore:adder|_~23                                 ; |ACC|Template:accadd8|lpm_add_sub:Add1|addcore:adder|_~23                                      ; out0             ;
; |ACC|Template:accadd8|lpm_add_sub:Add1|addcore:adder|_~24                                 ; |ACC|Template:accadd8|lpm_add_sub:Add1|addcore:adder|_~24                                      ; out0             ;
; |ACC|Template:accadd8|lpm_add_sub:Add1|addcore:adder|_~25                                 ; |ACC|Template:accadd8|lpm_add_sub:Add1|addcore:adder|_~25                                      ; out0             ;
; |ACC|Template:accadd8|lpm_add_sub:Add1|addcore:adder|_~26                                 ; |ACC|Template:accadd8|lpm_add_sub:Add1|addcore:adder|_~26                                      ; out0             ;
; |ACC|Template:accadd8|lpm_add_sub:Add1|addcore:adder|_~27                                 ; |ACC|Template:accadd8|lpm_add_sub:Add1|addcore:adder|_~27                                      ; out0             ;
; |ACC|Template:accadd8|lpm_add_sub:Add1|addcore:adder|_~28                                 ; |ACC|Template:accadd8|lpm_add_sub:Add1|addcore:adder|_~28                                      ; out0             ;
; |ACC|Template:accadd8|lpm_add_sub:Add1|addcore:adder|_~29                                 ; |ACC|Template:accadd8|lpm_add_sub:Add1|addcore:adder|_~29                                      ; out0             ;
; |ACC|Template:accadd8|lpm_add_sub:Add1|addcore:adder|_~30                                 ; |ACC|Template:accadd8|lpm_add_sub:Add1|addcore:adder|_~30                                      ; out0             ;
; |ACC|Template:accadd8|lpm_add_sub:Add1|addcore:adder|_~31                                 ; |ACC|Template:accadd8|lpm_add_sub:Add1|addcore:adder|_~31                                      ; out0             ;
; |ACC|Template:accadd8|lpm_add_sub:Add1|addcore:adder|_~32                                 ; |ACC|Template:accadd8|lpm_add_sub:Add1|addcore:adder|_~32                                      ; out0             ;
; |ACC|Template:accadd8|lpm_add_sub:Add1|addcore:adder|_~33                                 ; |ACC|Template:accadd8|lpm_add_sub:Add1|addcore:adder|_~33                                      ; out0             ;
; |ACC|Template:accadd8|lpm_add_sub:Add1|addcore:adder|_~34                                 ; |ACC|Template:accadd8|lpm_add_sub:Add1|addcore:adder|_~34                                      ; out0             ;
; |ACC|Template:accadd8|lpm_add_sub:Add1|addcore:adder|_~35                                 ; |ACC|Template:accadd8|lpm_add_sub:Add1|addcore:adder|_~35                                      ; out0             ;
; |ACC|Template:accadd8|lpm_add_sub:Add1|addcore:adder|a_csnbuffer:result_node|cs_buffer[7] ; |ACC|Template:accadd8|lpm_add_sub:Add1|addcore:adder|a_csnbuffer:result_node|cs_buffer[7]~COUT ; cout             ;
; |ACC|Template:accadd8|lpm_add_sub:Add1|addcore:adder|a_csnbuffer:result_node|cs_buffer[6] ; |ACC|Template:accadd8|lpm_add_sub:Add1|addcore:adder|a_csnbuffer:result_node|cs_buffer[6]~COUT ; cout             ;
; |ACC|Template:accadd8|lpm_add_sub:Add1|addcore:adder|a_csnbuffer:result_node|cs_buffer[5] ; |ACC|Template:accadd8|lpm_add_sub:Add1|addcore:adder|a_csnbuffer:result_node|cs_buffer[5]~COUT ; cout             ;
; |ACC|Template:accadd8|lpm_add_sub:Add1|addcore:adder|a_csnbuffer:result_node|cs_buffer[4] ; |ACC|Template:accadd8|lpm_add_sub:Add1|addcore:adder|a_csnbuffer:result_node|cs_buffer[4]~COUT ; cout             ;
; |ACC|Template:accadd8|lpm_add_sub:Add1|addcore:adder|a_csnbuffer:result_node|cs_buffer[3] ; |ACC|Template:accadd8|lpm_add_sub:Add1|addcore:adder|a_csnbuffer:result_node|cs_buffer[3]~COUT ; cout             ;
; |ACC|Template:accadd8|lpm_add_sub:Add1|addcore:adder|a_csnbuffer:result_node|cs_buffer[2] ; |ACC|Template:accadd8|lpm_add_sub:Add1|addcore:adder|a_csnbuffer:result_node|cs_buffer[2]~COUT ; cout             ;
; |ACC|Template:accadd8|lpm_add_sub:Add1|addcore:adder|a_csnbuffer:result_node|cs_buffer[1] ; |ACC|Template:accadd8|lpm_add_sub:Add1|addcore:adder|a_csnbuffer:result_node|cs_buffer[1]~COUT ; cout             ;
; |ACC|Template:accadd8|lpm_add_sub:Add1|addcore:adder|a_csnbuffer:result_node|cs_buffer[0] ; |ACC|Template:accadd8|lpm_add_sub:Add1|addcore:adder|a_csnbuffer:result_node|cs_buffer[0]~COUT ; cout             ;
; |ACC|Template:accadd8|lpm_add_sub:Add0|addcore:adder|datab_node[0]~0                      ; |ACC|Template:accadd8|lpm_add_sub:Add0|addcore:adder|datab_node[0]~0                           ; out0             ;
; |ACC|Template:accadd8|lpm_add_sub:Add0|addcore:adder|_~2                                  ; |ACC|Template:accadd8|lpm_add_sub:Add0|addcore:adder|_~2                                       ; out0             ;
; |ACC|Template:accadd8|lpm_add_sub:Add0|addcore:adder|datab_node[8]~1                      ; |ACC|Template:accadd8|lpm_add_sub:Add0|addcore:adder|datab_node[8]~1                           ; out0             ;
; |ACC|Template:accadd8|lpm_add_sub:Add0|addcore:adder|datab_node[8]                        ; |ACC|Template:accadd8|lpm_add_sub:Add0|addcore:adder|datab_node[8]                             ; out0             ;
; |ACC|Template:accadd8|lpm_add_sub:Add0|addcore:adder|datab_node[7]                        ; |ACC|Template:accadd8|lpm_add_sub:Add0|addcore:adder|datab_node[7]                             ; out0             ;
; |ACC|Template:accadd8|lpm_add_sub:Add0|addcore:adder|datab_node[6]                        ; |ACC|Template:accadd8|lpm_add_sub:Add0|addcore:adder|datab_node[6]                             ; out0             ;
; |ACC|Template:accadd8|lpm_add_sub:Add0|addcore:adder|unreg_res_node[8]~1                  ; |ACC|Template:accadd8|lpm_add_sub:Add0|addcore:adder|unreg_res_node[8]~1                       ; out0             ;
; |ACC|Template:accadd8|lpm_add_sub:Add0|addcore:adder|_~4                                  ; |ACC|Template:accadd8|lpm_add_sub:Add0|addcore:adder|_~4                                       ; out0             ;
; |ACC|Template:accadd8|lpm_add_sub:Add0|addcore:adder|_~5                                  ; |ACC|Template:accadd8|lpm_add_sub:Add0|addcore:adder|_~5                                       ; out0             ;
; |ACC|Template:accadd8|lpm_add_sub:Add0|addcore:adder|_~12                                 ; |ACC|Template:accadd8|lpm_add_sub:Add0|addcore:adder|_~12                                      ; out0             ;
; |ACC|Template:accadd8|lpm_add_sub:Add0|addcore:adder|_~20                                 ; |ACC|Template:accadd8|lpm_add_sub:Add0|addcore:adder|_~20                                      ; out0             ;
; |ACC|Template:accadd8|lpm_add_sub:Add0|addcore:adder|_~28                                 ; |ACC|Template:accadd8|lpm_add_sub:Add0|addcore:adder|_~28                                      ; out0             ;
+-------------------------------------------------------------------------------------------+------------------------------------------------------------------------------------------------+------------------+


+---------------------+
; Simulator INI Usage ;
+--------+------------+
; Option ; Usage      ;
+--------+------------+


+--------------------+
; Simulator Messages ;
+--------------------+
Info: *******************************************************************
Info: Running Quartus II Simulator
    Info: Version 9.0 Build 132 02/25/2009 SJ Web Edition
    Info: Processing started: Tue Oct 31 13:21:51 2017
Info: Command: quartus_sim --read_settings_files=on --write_settings_files=off ACC -c ACC
Info: Using vector source file "D:/Verilog/Verilog/ACC/ACC.vwf"
Info: Option to preserve fewer signal transitions to reduce memory requirements is enabled
    Info: Simulation has been partitioned into sub-simulations according to the maximum transition count determined by the engine. Transitions from memory will be flushed out to disk at the end of each sub-simulation to reduce memory requirements.
Info: Simulation partitioned into 1 sub-simulations
Info: Simulation coverage is      70.48 %
Info: Number of transitions in simulation is 15016
Info: Quartus II Simulator was successful. 0 errors, 0 warnings
    Info: Peak virtual memory: 114 megabytes
    Info: Processing ended: Tue Oct 31 13:21:52 2017
    Info: Elapsed time: 00:00:01
    Info: Total CPU time (on all processors): 00:00:01


